  root_traits_auto.cpp
C:\Users\danzeng\source\repos\root_traits_auto\third_party\ply\include\plyall.h(57,7): warning C4101: 'i': unreferenced local variable
C:\Users\danzeng\source\repos\root_traits_auto\third_party\ply\include\plyall.h(88,10): warning C4101: 'j': unreferenced local variable
C:\Users\danzeng\source\repos\root_traits_auto\third_party\ply\include\plyall.h(88,7): warning C4101: 'i': unreferenced local variable
C:\Users\danzeng\source\repos\root_traits_auto\third_party\ply\include\plyall.h(416,14): warning C4244: '=': conversion from 'double' to 'float', possible loss of data
C:\Users\danzeng\source\repos\root_traits_auto\third_party\ply\include\plyall.h(482,7): warning C4101: 'i': unreferenced local variable
C:\Users\danzeng\source\repos\root_traits_auto\third_party\ply\include\plyall.h(660,15): warning C4244: '=': conversion from 'double' to 'int', possible loss of data
C:\Users\danzeng\source\repos\root_traits_auto\third_party\ply\include\plyall.h(661,16): warning C4244: '=': conversion from 'double' to 'unsigned int', possible loss of data
C:\Users\danzeng\source\repos\root_traits_auto\third_party\ply\include\plyall.h(666,15): warning C4244: '=': conversion from 'double' to 'int', possible loss of data
C:\Users\danzeng\source\repos\root_traits_auto\third_party\ply\include\plyall.h(667,16): warning C4244: '=': conversion from 'double' to 'unsigned int', possible loss of data
C:\Users\danzeng\source\repos\root_traits_auto\third_party\ply\include\plyall.h(689,7): warning C4101: 'i': unreferenced local variable
C:\Users\danzeng\source\repos\root_traits_auto\third_party\ply\include\plyall.h(980,28): warning C4244: '=': conversion from 'double' to 'float', possible loss of data
C:\Users\danzeng\source\repos\root_traits_auto\third_party\ply\include\plyall.h(1422,8): warning C4101: 'i': unreferenced local variable
C:\Users\danzeng\source\repos\root_traits_auto\third_party\ply\include\plyall.h(1424,17): warning C4101: 'prop': unreferenced local variable
C:\Users\danzeng\source\repos\root_traits_auto\third_party\ply\include\plyall.h(1590,16): warning C4244: '=': conversion from 'double' to 'int', possible loss of data
C:\Users\danzeng\source\repos\root_traits_auto\third_party\ply\include\plyall.h(1591,17): warning C4244: '=': conversion from 'double' to 'unsigned int', possible loss of data
C:\Users\danzeng\source\repos\root_traits_auto\third_party\ply\include\plyall.h(1595,16): warning C4244: '=': conversion from 'double' to 'int', possible loss of data
C:\Users\danzeng\source\repos\root_traits_auto\third_party\ply\include\plyall.h(1596,17): warning C4244: '=': conversion from 'double' to 'unsigned int', possible loss of data
C:\Users\danzeng\source\repos\root_traits_auto\third_party\ply\include\plyall.h(1642,17): warning C4244: '=': conversion from 'double' to 'float', possible loss of data
C:\Users\danzeng\source\repos\root_traits_auto\third_party\ply\include\plyall.h(1764,1): warning C4267: '=': conversion from 'size_t' to 'int', possible loss of data
C:\Users\danzeng\source\repos\root_traits_auto\third_party\ply\include\plyall.h(1662,11): warning C4101: 'item_ptr': unreferenced local variable
C:\Users\danzeng\source\repos\root_traits_auto\third_party\ply\include\plyall.h(1656,8): warning C4101: 'i': unreferenced local variable
  Unknown compiler version - please run the configure tests and report the results
C:\Users\danzeng\source\repos\root_traits_auto\root_traits_auto\root_traits_auto.cpp(145,12): warning C4244: 'return': conversion from 'double' to 'float', possible loss of data
C:\Users\danzeng\source\repos\root_traits_auto\root_traits_auto\root_traits_auto.cpp(242,18): warning C4244: '=': conversion from 'int' to 'float', possible loss of data
C:\Users\danzeng\source\repos\root_traits_auto\root_traits_auto\root_traits_auto.cpp(247,13): warning C4267: 'argument': conversion from 'size_t' to 'const int', possible loss of data
C:\Users\danzeng\source\repos\root_traits_auto\root_traits_auto\root_traits_auto.cpp(307,8): warning C4267: 'argument': conversion from 'size_t' to 'const int', possible loss of data
C:\Users\danzeng\source\repos\root_traits_auto\root_traits_auto\root_traits_auto.cpp(308,14): warning C4267: 'argument': conversion from 'size_t' to 'const int', possible loss of data
C:\Users\danzeng\source\repos\root_traits_auto\root_traits_auto\root_traits_auto.cpp(352,17): warning C4267: '=': conversion from 'size_t' to 'int', possible loss of data
C:\Users\danzeng\source\repos\root_traits_auto\root_traits_auto\root_traits_auto.cpp(358,51): warning C4267: 'argument': conversion from 'size_t' to '_Ty', possible loss of data
          with
          [
              _Ty=int
          ]
C:\Users\danzeng\source\repos\root_traits_auto\root_traits_auto\root_traits_auto.cpp(359,124): warning C4267: 'argument': conversion from 'size_t' to 'int', possible loss of data
C:\Users\danzeng\source\repos\root_traits_auto\root_traits_auto\root_traits_auto.cpp(361,46): warning C4305: 'argument': truncation from 'double' to 'float'
C:\Users\danzeng\source\repos\root_traits_auto\root_traits_auto\root_traits_auto.cpp(365,21): warning C4267: '=': conversion from 'size_t' to 'int', possible loss of data
C:\Users\danzeng\source\repos\root_traits_auto\root_traits_auto\root_traits_auto.cpp(368,46): warning C4267: '=': conversion from 'size_t' to 'int', possible loss of data
C:\Users\danzeng\source\repos\root_traits_auto\root_traits_auto\root_traits_auto.cpp(374,23): warning C4267: '=': conversion from 'size_t' to 'int', possible loss of data
C:\Users\danzeng\source\repos\root_traits_auto\root_traits_auto\root_traits_auto.cpp(377,48): warning C4267: '=': conversion from 'size_t' to 'int', possible loss of data
C:\Users\danzeng\source\repos\root_traits_auto\root_traits_auto\root_traits_auto.cpp(470,19): warning C4244: '=': conversion from 'int' to 'float', possible loss of data
C:\Users\danzeng\source\repos\root_traits_auto\root_traits_auto\root_traits_auto.cpp(475,14): warning C4267: 'argument': conversion from 'size_t' to 'const int', possible loss of data
C:\Users\danzeng\source\repos\root_traits_auto\root_traits_auto\root_traits_auto.cpp(506,29): warning C4305: 'initializing': truncation from 'double' to 'float'
C:\Users\danzeng\source\repos\root_traits_auto\root_traits_auto\root_traits_auto.cpp(507,31): warning C4305: 'initializing': truncation from 'double' to 'float'
C:\Users\danzeng\source\repos\root_traits_auto\root_traits_auto\root_traits_auto.cpp(508,31): warning C4305: 'initializing': truncation from 'double' to 'float'
C:\Users\danzeng\source\repos\root_traits_auto\root_traits_auto\root_traits_auto.cpp(657,24): warning C4244: '=': conversion from 'double' to 'float', possible loss of data
C:\Users\danzeng\source\repos\root_traits_auto\root_traits_auto\root_traits_auto.cpp(730,70): warning C4267: '=': conversion from 'size_t' to 'int', possible loss of data
C:\Users\danzeng\source\repos\root_traits_auto\root_traits_auto\root_traits_auto.cpp(731,51): warning C4267: 'argument': conversion from 'size_t' to 'int', possible loss of data
C:\Users\danzeng\source\repos\root_traits_auto\root_traits_auto\root_traits_auto.cpp(736,70): warning C4267: '=': conversion from 'size_t' to 'int', possible loss of data
C:\Users\danzeng\source\repos\root_traits_auto\root_traits_auto\root_traits_auto.cpp(737,51): warning C4267: 'argument': conversion from 'size_t' to 'int', possible loss of data
C:\Users\danzeng\source\repos\root_traits_auto\root_traits_auto\root_traits_auto.cpp(751,23): warning C4244: 'initializing': conversion from 'double' to 'float', possible loss of data
C:\Users\danzeng\source\repos\root_traits_auto\root_traits_auto\root_traits_auto.cpp(756,50): warning C4305: 'argument': truncation from 'double' to 'float'
C:\Users\danzeng\source\repos\root_traits_auto\root_traits_auto\root_traits_auto.cpp(793,40): warning C4267: '=': conversion from 'size_t' to 'int', possible loss of data
C:\Users\danzeng\source\repos\root_traits_auto\root_traits_auto\root_traits_auto.cpp(793,76): warning C4267: '=': conversion from 'size_t' to 'int', possible loss of data
C:\Users\danzeng\source\repos\root_traits_auto\root_traits_auto\root_traits_auto.cpp(835,57): warning C4267: 'argument': conversion from 'size_t' to 'int', possible loss of data
C:\Users\danzeng\source\repos\root_traits_auto\root_traits_auto\root_traits_auto.cpp(837,84): warning C4267: 'argument': conversion from 'size_t' to '_Ty', possible loss of data
          with
          [
              _Ty=int
          ]
C:\Users\danzeng\source\repos\root_traits_auto\root_traits_auto\root_traits_auto.cpp(840,57): warning C4267: 'argument': conversion from 'size_t' to 'int', possible loss of data
C:\Users\danzeng\source\repos\root_traits_auto\root_traits_auto\root_traits_auto.cpp(842,84): warning C4267: 'argument': conversion from 'size_t' to '_Ty', possible loss of data
          with
          [
              _Ty=int
          ]
C:\Users\danzeng\source\repos\root_traits_auto\root_traits_auto\root_traits_auto.cpp(1116,34): warning C4267: '=': conversion from 'size_t' to 'int', possible loss of data
C:\Users\danzeng\source\repos\root_traits_auto\root_traits_auto\root_traits_auto.cpp(1369,48): warning C4267: '=': conversion from 'size_t' to 'int', possible loss of data
C:\Users\danzeng\source\repos\root_traits_auto\root_traits_auto\root_traits_auto.cpp(1372,127): warning C4267: 'argument': conversion from 'size_t' to 'int', possible loss of data
C:\Users\danzeng\source\repos\root_traits_auto\root_traits_auto\root_traits_auto.cpp(1472,19): warning C4244: 'initializing': conversion from 'double' to 'float', possible loss of data
C:\Users\danzeng\source\repos\root_traits_auto\root_traits_auto\root_traits_auto.cpp(1522,34): warning C4244: '=': conversion from 'double' to 'float', possible loss of data
C:\Users\danzeng\source\repos\root_traits_auto\root_traits_auto\root_traits_auto.cpp(1527,19): warning C4244: 'initializing': conversion from 'double' to 'float', possible loss of data
C:\Users\danzeng\source\repos\root_traits_auto\root_traits_auto\root_traits_auto.cpp(1532,25): warning C4244: 'initializing': conversion from 'double' to 'float', possible loss of data
C:\Users\danzeng\source\repos\root_traits_auto\root_traits_auto\root_traits_auto.cpp(1536,19): warning C4244: 'initializing': conversion from 'double' to 'float', possible loss of data
C:\Users\danzeng\source\repos\root_traits_auto\root_traits_auto\root_traits_auto.cpp(1552,46): warning C4267: '=': conversion from 'size_t' to 'int', possible loss of data
C:\Users\danzeng\source\repos\root_traits_auto\root_traits_auto\root_traits_auto.cpp(1567,72): warning C4267: '+=': conversion from 'size_t' to 'int', possible loss of data
C:\Users\danzeng\source\repos\root_traits_auto\root_traits_auto\root_traits_auto.cpp(1685,24): warning C4244: '=': conversion from 'float' to 'int', possible loss of data
C:\Program Files (x86)\Microsoft Visual Studio\2019\Community\VC\Tools\MSVC\14.27.29110\include\utility(192,1): warning C4267: 'initializing': conversion from 'size_t' to '_Ty1', possible loss of data
          with
          [
              _Ty1=int
          ]
C:\Users\danzeng\source\repos\root_traits_auto\root_traits_auto\root_traits_auto.cpp(787): message : see reference to function template instantiation 'std::pair<int,int>::pair<Vertex,Vertex,0>(_Other1 &&,_Other2 &&) noexcept' being compiled
          with
          [
              Vertex=unsigned __int64,
              _Other1=unsigned __int64,
              _Other2=unsigned __int64
          ]
C:\Users\danzeng\source\repos\root_traits_auto\root_traits_auto\root_traits_auto.cpp(787): message : see reference to function template instantiation 'std::pair<int,int>::pair<Vertex,Vertex,0>(_Other1 &&,_Other2 &&) noexcept' being compiled
          with
          [
              Vertex=unsigned __int64,
              _Other1=unsigned __int64,
              _Other2=unsigned __int64
          ]
C:\Program Files (x86)\Microsoft Visual Studio\2019\Community\VC\Tools\MSVC\14.27.29110\include\utility(192,1): warning C4267: 'initializing': conversion from 'size_t' to '_Ty2', possible loss of data
          with
          [
              _Ty2=int
          ]
C:\Users\danzeng\source\repos\root_traits_auto\third_party\ply\include\plyall.h(1827,44): warning C4838: conversion from 'unsigned __int64' to 'const int' requires a narrowing conversion
C:\Users\danzeng\source\repos\root_traits_auto\root_traits_auto\root_traits_auto.cpp(1162): message : see reference to function template instantiation 'ply::status ply::PLYwriter::write<VertexWithMsure,internal::Edge,internal::Face>(const char *,bool,bool,bool,const std::map<std::string,PlyProperty,std::less<std::string>,std::allocator<std::pair<const std::string,PlyProperty>>> &,const std::map<std::string,PlyProperty,std::less<std::string>,std::allocator<std::pair<const std::string,PlyProperty>>> &,const std::map<std::string,PlyProperty,std::less<std::string>,std::allocator<std::pair<const std::string,PlyProperty>>> &,const std::vector<VertexWithMsure,std::allocator<VertexWithMsure>> &,const std::vector<internal::Edge,std::allocator<internal::Edge>> &,const std::vector<internal::Face,std::allocator<internal::Face>> &)' being compiled
C:\Users\danzeng\source\repos\root_traits_auto\third_party\ply\include\plyall.h(1827,1): warning C4267: 'initializing': conversion from 'size_t' to 'const int', possible loss of data
C:\Users\danzeng\source\repos\root_traits_auto\third_party\ply\include\plyall.h(1827,68): warning C4838: conversion from 'unsigned __int64' to 'const int' requires a narrowing conversion
C:\Users\danzeng\source\repos\root_traits_auto\third_party\ply\include\plyall.h(1827,92): warning C4838: conversion from 'unsigned __int64' to 'const int' requires a narrowing conversion
  Generating code
  164 of 3446 functions ( 4.8%) were compiled, the rest were copied from previous compilation.
    21 functions were new in current compilation
    203 functions had inline decision re-evaluated but remain unchanged
  Finished generating code
  root_traits_auto.vcxproj -> C:\Users\danzeng\source\repos\root_traits_auto\root_traits_auto.exe
